#! /usr/bin/vvp
:ivl_version "12.0 (stable)";
:ivl_delay_selection "TYPICAL";
:vpi_time_precision - 12;
:vpi_module "/usr/lib/x86_64-linux-gnu/ivl/system.vpi";
:vpi_module "/usr/lib/x86_64-linux-gnu/ivl/vhdl_sys.vpi";
:vpi_module "/usr/lib/x86_64-linux-gnu/ivl/vhdl_textio.vpi";
:vpi_module "/usr/lib/x86_64-linux-gnu/ivl/v2005_math.vpi";
:vpi_module "/usr/lib/x86_64-linux-gnu/ivl/va_math.vpi";
:vpi_module "/usr/lib/x86_64-linux-gnu/ivl/v2009.vpi";
S_0x55bba054a0a0 .scope package, "$unit" "$unit" 2 1;
 .timescale 0 0;
S_0x55bba052be80 .scope module, "crossbar_tb" "crossbar_tb" 3 22;
 .timescale -9 -12;
P_0x55bba052c010 .param/l "IN_W" 1 3 25, +C4<00000000000000000000000000001000>;
P_0x55bba052c050 .param/l "N" 1 3 24, +C4<00000000000000000000000000000100>;
P_0x55bba052c090 .param/l "OUT_W" 1 3 26, +C4<00000000000000000000000000010000>;
v0x55bba056d740_0 .var "cfg_col", 1 0;
v0x55bba056d850_0 .var "cfg_row", 1 0;
v0x55bba056d920_0 .var "cfg_we", 0 0;
v0x55bba056da20_0 .var "cfg_wval", 0 0;
v0x55bba056daf0_0 .var "clk", 0 0;
v0x55bba056dbe0 .array/s "expected", 3 0, 15 0;
v0x55bba056dc80_0 .var/i "fail_count", 31 0;
v0x55bba056dd20_0 .var "in_flat", 31 0;
v0x55bba056ddf0_0 .net "out_flat", 63 0, v0x55bba056c1c0_0;  1 drivers
v0x55bba056df50_0 .var/i "pass_count", 31 0;
v0x55bba056dff0_0 .var "rst_n", 0 0;
E_0x55bba0522600 .event posedge, v0x55bba056bd20_0;
E_0x55bba04e80b0 .event negedge, v0x55bba056bd20_0;
S_0x55bba04e7490 .scope begin, "$ivl_for_loop6" "$ivl_for_loop6" 3 153, 3 153 0, S_0x55bba052be80;
 .timescale -9 -12;
v0x55bba0516150_0 .var/2s "j", 31 0;
S_0x55bba056a400 .scope module, "dut" "crossbar_mac" 3 39, 4 13 0, S_0x55bba052be80;
 .timescale 0 0;
    .port_info 0 /INPUT 1 "clk";
    .port_info 1 /INPUT 1 "rst_n";
    .port_info 2 /INPUT 32 "in_flat";
    .port_info 3 /INPUT 1 "cfg_we";
    .port_info 4 /INPUT 2 "cfg_row";
    .port_info 5 /INPUT 2 "cfg_col";
    .port_info 6 /INPUT 1 "cfg_wval";
    .port_info 7 /OUTPUT 64 "out_flat";
P_0x55bba056a600 .param/l "IN_W" 0 4 15, +C4<00000000000000000000000000001000>;
P_0x55bba056a640 .param/l "N" 0 4 14, +C4<00000000000000000000000000000100>;
P_0x55bba056a680 .param/l "OUT_W" 0 4 16, +C4<00000000000000000000000000010000>;
v0x55bba056b9b0_0 .net "cfg_col", 1 0, v0x55bba056d740_0;  1 drivers
v0x55bba056bab0_0 .net "cfg_row", 1 0, v0x55bba056d850_0;  1 drivers
v0x55bba056bb90_0 .net "cfg_we", 0 0, v0x55bba056d920_0;  1 drivers
v0x55bba056bc60_0 .net "cfg_wval", 0 0, v0x55bba056da20_0;  1 drivers
v0x55bba056bd20_0 .net "clk", 0 0, v0x55bba056daf0_0;  1 drivers
v0x55bba056be30 .array/s "dot", 3 0, 15 0;
v0x55bba056bf70 .array/s "in_arr", 3 0, 7 0;
v0x55bba056c0e0_0 .net "in_flat", 31 0, v0x55bba056dd20_0;  1 drivers
v0x55bba056c1c0_0 .var "out_flat", 63 0;
v0x55bba056c2a0_0 .net "rst_n", 0 0, v0x55bba056dff0_0;  1 drivers
v0x55bba056c360 .array "weight", 15 0, 0 0;
E_0x55bba05241e0/0 .event negedge, v0x55bba056c2a0_0;
E_0x55bba05241e0/1 .event posedge, v0x55bba056bd20_0;
E_0x55bba05241e0 .event/or E_0x55bba05241e0/0, E_0x55bba05241e0/1;
v0x55bba056be30_0 .array/port v0x55bba056be30, 0;
v0x55bba056be30_1 .array/port v0x55bba056be30, 1;
v0x55bba056be30_2 .array/port v0x55bba056be30, 2;
v0x55bba056be30_3 .array/port v0x55bba056be30, 3;
E_0x55bba050b780 .event anyedge, v0x55bba056be30_0, v0x55bba056be30_1, v0x55bba056be30_2, v0x55bba056be30_3;
v0x55bba056c360_0 .array/port v0x55bba056c360, 0;
v0x55bba056c360_1 .array/port v0x55bba056c360, 1;
v0x55bba056c360_2 .array/port v0x55bba056c360, 2;
v0x55bba056c360_3 .array/port v0x55bba056c360, 3;
E_0x55bba054a2a0/0 .event anyedge, v0x55bba056c360_0, v0x55bba056c360_1, v0x55bba056c360_2, v0x55bba056c360_3;
v0x55bba056c360_4 .array/port v0x55bba056c360, 4;
v0x55bba056c360_5 .array/port v0x55bba056c360, 5;
v0x55bba056c360_6 .array/port v0x55bba056c360, 6;
v0x55bba056c360_7 .array/port v0x55bba056c360, 7;
E_0x55bba054a2a0/1 .event anyedge, v0x55bba056c360_4, v0x55bba056c360_5, v0x55bba056c360_6, v0x55bba056c360_7;
v0x55bba056c360_8 .array/port v0x55bba056c360, 8;
v0x55bba056c360_9 .array/port v0x55bba056c360, 9;
v0x55bba056c360_10 .array/port v0x55bba056c360, 10;
v0x55bba056c360_11 .array/port v0x55bba056c360, 11;
E_0x55bba054a2a0/2 .event anyedge, v0x55bba056c360_8, v0x55bba056c360_9, v0x55bba056c360_10, v0x55bba056c360_11;
v0x55bba056c360_12 .array/port v0x55bba056c360, 12;
v0x55bba056c360_13 .array/port v0x55bba056c360, 13;
v0x55bba056c360_14 .array/port v0x55bba056c360, 14;
v0x55bba056c360_15 .array/port v0x55bba056c360, 15;
E_0x55bba054a2a0/3 .event anyedge, v0x55bba056c360_12, v0x55bba056c360_13, v0x55bba056c360_14, v0x55bba056c360_15;
E_0x55bba054a2a0/4 .event anyedge, v0x55bba056be30_0, v0x55bba056be30_1, v0x55bba056be30_2, v0x55bba056be30_3;
v0x55bba056bf70_0 .array/port v0x55bba056bf70, 0;
v0x55bba056bf70_1 .array/port v0x55bba056bf70, 1;
v0x55bba056bf70_2 .array/port v0x55bba056bf70, 2;
v0x55bba056bf70_3 .array/port v0x55bba056bf70, 3;
E_0x55bba054a2a0/5 .event anyedge, v0x55bba056bf70_0, v0x55bba056bf70_1, v0x55bba056bf70_2, v0x55bba056bf70_3;
E_0x55bba054a2a0/6 .event anyedge, v0x55bba056bf70_0, v0x55bba056bf70_1, v0x55bba056bf70_2, v0x55bba056bf70_3;
E_0x55bba054a2a0 .event/or E_0x55bba054a2a0/0, E_0x55bba054a2a0/1, E_0x55bba054a2a0/2, E_0x55bba054a2a0/3, E_0x55bba054a2a0/4, E_0x55bba054a2a0/5, E_0x55bba054a2a0/6;
E_0x55bba054a2e0 .event anyedge, v0x55bba056c0e0_0;
S_0x55bba056aaa0 .scope begin, "$ivl_for_loop0" "$ivl_for_loop0" 4 37, 4 37 0, S_0x55bba056a400;
 .timescale 0 0;
v0x55bba0516db0_0 .var/2s "i", 31 0;
S_0x55bba056ace0 .scope begin, "$ivl_for_loop1" "$ivl_for_loop1" 4 48, 4 48 0, S_0x55bba056a400;
 .timescale 0 0;
v0x55bba051ee20_0 .var/2s "j", 31 0;
S_0x55bba056aee0 .scope begin, "$ivl_for_loop2" "$ivl_for_loop2" 4 50, 4 50 0, S_0x55bba056ace0;
 .timescale 0 0;
v0x55bba051eab0_0 .var/2s "i", 31 0;
S_0x55bba056b180 .scope begin, "$ivl_for_loop3" "$ivl_for_loop3" 4 61, 4 61 0, S_0x55bba056a400;
 .timescale 0 0;
v0x55bba051f120_0 .var/2s "j", 31 0;
S_0x55bba056b3d0 .scope begin, "$ivl_for_loop4" "$ivl_for_loop4" 4 68, 4 68 0, S_0x55bba056a400;
 .timescale 0 0;
v0x55bba056b8b0_0 .var/2s "i", 31 0;
S_0x55bba056b5b0 .scope begin, "$ivl_for_loop5" "$ivl_for_loop5" 4 69, 4 69 0, S_0x55bba056b3d0;
 .timescale 0 0;
v0x55bba056b7b0_0 .var/2s "j", 31 0;
S_0x55bba056c790 .scope autofunction.vec4.s8, "get_in" "get_in" 3 51, 3 51 0, S_0x55bba052be80;
 .timescale -9 -12;
; Variable get_in is vec4 return value of scope S_0x55bba056c790
v0x55bba056ca30_0 .var/2s "i", 31 0;
TD_crossbar_tb.get_in ;
    %load/vec4 v0x55bba056dd20_0;
    %load/vec4 v0x55bba056ca30_0;
    %addi 1, 0, 32;
    %muli 8, 0, 32;
    %subi 1, 0, 32;
    %pad/s 34;
    %subi 7, 0, 34;
    %part/s 8;
    %ret/vec4 0, 0, 8;  Assign to get_in (store_vec4_to_lval)
    %end;
S_0x55bba056cb10 .scope autofunction.vec4.u16, "get_out" "get_out" 3 55, 3 55 0, S_0x55bba052be80;
 .timescale -9 -12;
; Variable get_out is vec4 return value of scope S_0x55bba056cb10
v0x55bba056cdf0_0 .var/2s "j", 31 0;
TD_crossbar_tb.get_out ;
    %load/vec4 v0x55bba056ddf0_0;
    %load/vec4 v0x55bba056cdf0_0;
    %addi 1, 0, 32;
    %muli 16, 0, 32;
    %subi 1, 0, 32;
    %pad/s 34;
    %subi 15, 0, 34;
    %part/s 16;
    %ret/vec4 0, 0, 16;  Assign to get_out (store_vec4_to_lval)
    %end;
S_0x55bba056ced0 .scope autotask, "set_in" "set_in" 3 59, 3 59 0, S_0x55bba052be80;
 .timescale -9 -12;
v0x55bba056d100_0 .var/2s "i", 31 0;
v0x55bba056d200_0 .var/s "val", 7 0;
TD_crossbar_tb.set_in ;
    %load/vec4 v0x55bba056d200_0;
    %load/vec4 v0x55bba056d100_0;
    %addi 1, 0, 32;
    %muli 8, 0, 32;
    %subi 1, 0, 32;
    %pad/s 34;
    %subi 7, 0, 34;
    %ix/vec4/s 4;
    %store/vec4 v0x55bba056dd20_0, 4, 8;
    %end;
S_0x55bba056d2e0 .scope autotask, "set_weight" "set_weight" 3 68, 3 68 0, S_0x55bba052be80;
 .timescale -9 -12;
v0x55bba056d4c0_0 .var/2s "col", 31 0;
v0x55bba056d5c0_0 .var/2s "row", 31 0;
v0x55bba056d6a0_0 .var "wval", 0 0;
TD_crossbar_tb.set_weight ;
    %wait E_0x55bba04e80b0;
    %load/vec4 v0x55bba056d5c0_0;
    %parti/s 2, 0, 2;
    %store/vec4 v0x55bba056d850_0, 0, 2;
    %load/vec4 v0x55bba056d4c0_0;
    %parti/s 2, 0, 2;
    %store/vec4 v0x55bba056d740_0, 0, 2;
    %load/vec4 v0x55bba056d6a0_0;
    %store/vec4 v0x55bba056da20_0, 0, 1;
    %pushi/vec4 1, 0, 1;
    %store/vec4 v0x55bba056d920_0, 0, 1;
    %wait E_0x55bba04e80b0;
    %pushi/vec4 0, 0, 1;
    %store/vec4 v0x55bba056d920_0, 0, 1;
    %end;
    .scope S_0x55bba056a400;
T_4 ;
Ewait_0 .event/or E_0x55bba054a2e0, E_0x0;
    %wait Ewait_0;
    %fork t_1, S_0x55bba056aaa0;
    %jmp t_0;
    .scope S_0x55bba056aaa0;
t_1 ;
    %pushi/vec4 0, 0, 32;
    %store/vec4 v0x55bba0516db0_0, 0, 32;
T_4.0 ;
    %load/vec4 v0x55bba0516db0_0;
    %cmpi/s 4, 0, 32;
    %jmp/0xz T_4.1, 5;
    %load/vec4 v0x55bba056c0e0_0;
    %load/vec4 v0x55bba0516db0_0;
    %addi 1, 0, 32;
    %muli 8, 0, 32;
    %subi 1, 0, 32;
    %pad/s 34;
    %subi 7, 0, 34;
    %part/s 8;
    %ix/getv/s 4, v0x55bba0516db0_0;
    %store/vec4a v0x55bba056bf70, 4, 0;
    ; show_stmt_assign_vector: Get l-value for compressed += operand
    %load/vec4 v0x55bba0516db0_0;
    %pushi/vec4 1, 0, 32;
    %add;
    %cast2;
    %store/vec4 v0x55bba0516db0_0, 0, 32;
    %jmp T_4.0;
T_4.1 ;
    %end;
    .scope S_0x55bba056a400;
t_0 %join;
    %jmp T_4;
    .thread T_4, $push;
    .scope S_0x55bba056a400;
T_5 ;
Ewait_1 .event/or E_0x55bba054a2a0, E_0x0;
    %wait Ewait_1;
    %fork t_3, S_0x55bba056ace0;
    %jmp t_2;
    .scope S_0x55bba056ace0;
t_3 ;
    %pushi/vec4 0, 0, 32;
    %store/vec4 v0x55bba051ee20_0, 0, 32;
T_5.0 ;
    %load/vec4 v0x55bba051ee20_0;
    %cmpi/s 4, 0, 32;
    %jmp/0xz T_5.1, 5;
    %pushi/vec4 0, 0, 16;
    %ix/getv/s 4, v0x55bba051ee20_0;
    %store/vec4a v0x55bba056be30, 4, 0;
    %fork t_5, S_0x55bba056aee0;
    %jmp t_4;
    .scope S_0x55bba056aee0;
t_5 ;
    %pushi/vec4 0, 0, 32;
    %store/vec4 v0x55bba051eab0_0, 0, 32;
T_5.2 ;
    %load/vec4 v0x55bba051eab0_0;
    %cmpi/s 4, 0, 32;
    %jmp/0xz T_5.3, 5;
    %load/vec4 v0x55bba051eab0_0;
    %pad/s 35;
    %pad/s 37;
    %muli 4, 0, 37;
    %pad/s 38;
    %load/vec4 v0x55bba051ee20_0;
    %pad/s 38;
    %add;
    %ix/vec4/s 4;
    %load/vec4a v0x55bba056c360, 4;
    %flag_set/vec4 8;
    %jmp/0xz  T_5.4, 8;
    %ix/getv/s 4, v0x55bba051ee20_0;
    %load/vec4a v0x55bba056be30, 4;
    %ix/getv/s 4, v0x55bba051eab0_0;
    %load/vec4a v0x55bba056bf70, 4;
    %parti/s 1, 7, 4;
    %replicate 8;
    %ix/getv/s 4, v0x55bba051eab0_0;
    %load/vec4a v0x55bba056bf70, 4;
    %concat/vec4; draw_concat_vec4
    %add;
    %ix/getv/s 4, v0x55bba051ee20_0;
    %store/vec4a v0x55bba056be30, 4, 0;
    %jmp T_5.5;
T_5.4 ;
    %ix/getv/s 4, v0x55bba051ee20_0;
    %load/vec4a v0x55bba056be30, 4;
    %ix/getv/s 4, v0x55bba051eab0_0;
    %load/vec4a v0x55bba056bf70, 4;
    %parti/s 1, 7, 4;
    %replicate 8;
    %ix/getv/s 4, v0x55bba051eab0_0;
    %load/vec4a v0x55bba056bf70, 4;
    %concat/vec4; draw_concat_vec4
    %sub;
    %ix/getv/s 4, v0x55bba051ee20_0;
    %store/vec4a v0x55bba056be30, 4, 0;
T_5.5 ;
    ; show_stmt_assign_vector: Get l-value for compressed += operand
    %load/vec4 v0x55bba051eab0_0;
    %pushi/vec4 1, 0, 32;
    %add;
    %cast2;
    %store/vec4 v0x55bba051eab0_0, 0, 32;
    %jmp T_5.2;
T_5.3 ;
    %end;
    .scope S_0x55bba056ace0;
t_4 %join;
    ; show_stmt_assign_vector: Get l-value for compressed += operand
    %load/vec4 v0x55bba051ee20_0;
    %pushi/vec4 1, 0, 32;
    %add;
    %cast2;
    %store/vec4 v0x55bba051ee20_0, 0, 32;
    %jmp T_5.0;
T_5.1 ;
    %end;
    .scope S_0x55bba056a400;
t_2 %join;
    %jmp T_5;
    .thread T_5, $push;
    .scope S_0x55bba056a400;
T_6 ;
Ewait_2 .event/or E_0x55bba050b780, E_0x0;
    %wait Ewait_2;
    %fork t_7, S_0x55bba056b180;
    %jmp t_6;
    .scope S_0x55bba056b180;
t_7 ;
    %pushi/vec4 0, 0, 32;
    %store/vec4 v0x55bba051f120_0, 0, 32;
T_6.0 ;
    %load/vec4 v0x55bba051f120_0;
    %cmpi/s 4, 0, 32;
    %jmp/0xz T_6.1, 5;
    %ix/getv/s 4, v0x55bba051f120_0;
    %load/vec4a v0x55bba056be30, 4;
    %load/vec4 v0x55bba051f120_0;
    %addi 1, 0, 32;
    %muli 16, 0, 32;
    %subi 1, 0, 32;
    %pad/s 34;
    %subi 15, 0, 34;
    %ix/vec4/s 4;
    %store/vec4 v0x55bba056c1c0_0, 4, 16;
    ; show_stmt_assign_vector: Get l-value for compressed += operand
    %load/vec4 v0x55bba051f120_0;
    %pushi/vec4 1, 0, 32;
    %add;
    %cast2;
    %store/vec4 v0x55bba051f120_0, 0, 32;
    %jmp T_6.0;
T_6.1 ;
    %end;
    .scope S_0x55bba056a400;
t_6 %join;
    %jmp T_6;
    .thread T_6, $push;
    .scope S_0x55bba056a400;
T_7 ;
    %wait E_0x55bba05241e0;
    %load/vec4 v0x55bba056c2a0_0;
    %nor/r;
    %flag_set/vec4 8;
    %jmp/0xz  T_7.0, 8;
    %fork t_9, S_0x55bba056b3d0;
    %jmp t_8;
    .scope S_0x55bba056b3d0;
t_9 ;
    %pushi/vec4 0, 0, 32;
    %store/vec4 v0x55bba056b8b0_0, 0, 32;
T_7.2 ;
    %load/vec4 v0x55bba056b8b0_0;
    %cmpi/s 4, 0, 32;
    %jmp/0xz T_7.3, 5;
    %fork t_11, S_0x55bba056b5b0;
    %jmp t_10;
    .scope S_0x55bba056b5b0;
t_11 ;
    %pushi/vec4 0, 0, 32;
    %store/vec4 v0x55bba056b7b0_0, 0, 32;
T_7.4 ;
    %load/vec4 v0x55bba056b7b0_0;
    %cmpi/s 4, 0, 32;
    %jmp/0xz T_7.5, 5;
    %pushi/vec4 1, 0, 1;
    %load/vec4 v0x55bba056b8b0_0;
    %pad/s 35;
    %pad/s 37;
    %muli 4, 0, 37;
    %pad/s 38;
    %load/vec4 v0x55bba056b7b0_0;
    %pad/s 38;
    %add;
    %ix/vec4/s 3;
    %ix/load 4, 0, 0; Constant delay
    %assign/vec4/a/d v0x55bba056c360, 0, 4;
    ; show_stmt_assign_vector: Get l-value for compressed += operand
    %load/vec4 v0x55bba056b7b0_0;
    %pushi/vec4 1, 0, 32;
    %add;
    %cast2;
    %store/vec4 v0x55bba056b7b0_0, 0, 32;
    %jmp T_7.4;
T_7.5 ;
    %end;
    .scope S_0x55bba056b3d0;
t_10 %join;
    ; show_stmt_assign_vector: Get l-value for compressed += operand
    %load/vec4 v0x55bba056b8b0_0;
    %pushi/vec4 1, 0, 32;
    %add;
    %cast2;
    %store/vec4 v0x55bba056b8b0_0, 0, 32;
    %jmp T_7.2;
T_7.3 ;
    %end;
    .scope S_0x55bba056a400;
t_8 %join;
    %jmp T_7.1;
T_7.0 ;
    %load/vec4 v0x55bba056bb90_0;
    %flag_set/vec4 8;
    %jmp/0xz  T_7.6, 8;
    %load/vec4 v0x55bba056bc60_0;
    %load/vec4 v0x55bba056bab0_0;
    %pad/u 7;
    %pad/u 9;
    %muli 4, 0, 9;
    %pad/u 10;
    %load/vec4 v0x55bba056b9b0_0;
    %pad/u 4;
    %pad/u 10;
    %add;
    %ix/vec4 3;
    %ix/load 4, 0, 0; Constant delay
    %assign/vec4/a/d v0x55bba056c360, 0, 4;
T_7.6 ;
T_7.1 ;
    %jmp T_7;
    .thread T_7;
    .scope S_0x55bba052be80;
T_8 ;
    %pushi/vec4 0, 0, 1;
    %store/vec4 v0x55bba056daf0_0, 0, 1;
    %end;
    .thread T_8;
    .scope S_0x55bba052be80;
T_9 ;
    %delay 5000, 0;
    %load/vec4 v0x55bba056daf0_0;
    %inv;
    %store/vec4 v0x55bba056daf0_0, 0, 1;
    %jmp T_9;
    .thread T_9;
    .scope S_0x55bba052be80;
T_10 ;
    %pushi/vec4 1, 0, 1;
    %store/vec4 v0x55bba056dff0_0, 0, 1;
    %pushi/vec4 0, 0, 1;
    %store/vec4 v0x55bba056d920_0, 0, 1;
    %pushi/vec4 0, 0, 2;
    %store/vec4 v0x55bba056d850_0, 0, 2;
    %pushi/vec4 0, 0, 2;
    %store/vec4 v0x55bba056d740_0, 0, 2;
    %pushi/vec4 0, 0, 1;
    %store/vec4 v0x55bba056da20_0, 0, 1;
    %pushi/vec4 0, 0, 32;
    %store/vec4 v0x55bba056dd20_0, 0, 32;
    %pushi/vec4 0, 0, 32;
    %store/vec4 v0x55bba056df50_0, 0, 32;
    %pushi/vec4 0, 0, 32;
    %store/vec4 v0x55bba056dc80_0, 0, 32;
    %wait E_0x55bba04e80b0;
    %pushi/vec4 0, 0, 1;
    %store/vec4 v0x55bba056dff0_0, 0, 1;
    %pushi/vec4 2, 0, 32;
T_10.0 %dup/vec4;
    %pushi/vec4 0, 0, 32;
    %cmp/s;
    %jmp/1xz T_10.1, 5;
    %jmp/1 T_10.1, 4;
    %pushi/vec4 1, 0, 32;
    %sub;
    %wait E_0x55bba04e80b0;
    %jmp T_10.0;
T_10.1 ;
    %pop/vec4 1;
    %pushi/vec4 1, 0, 1;
    %store/vec4 v0x55bba056dff0_0, 0, 1;
    %wait E_0x55bba04e80b0;
    %vpi_call/w 3 107 "$display", "=== Programming Weight Matrix ===" {0 0 0};
    %vpi_call/w 3 108 "$display", "W = [[ 1,-1, 1,-1]," {0 0 0};
    %vpi_call/w 3 109 "$display", "     [ 1, 1,-1,-1]," {0 0 0};
    %vpi_call/w 3 110 "$display", "     [-1, 1, 1,-1]," {0 0 0};
    %vpi_call/w 3 111 "$display", "     [-1,-1,-1, 1]]" {0 0 0};
    %alloc S_0x55bba056d2e0;
    %pushi/vec4 0, 0, 32;
    %store/vec4 v0x55bba056d5c0_0, 0, 32;
    %pushi/vec4 0, 0, 32;
    %store/vec4 v0x55bba056d4c0_0, 0, 32;
    %pushi/vec4 1, 0, 1;
    %store/vec4 v0x55bba056d6a0_0, 0, 1;
    %fork TD_crossbar_tb.set_weight, S_0x55bba056d2e0;
    %join;
    %free S_0x55bba056d2e0;
    %alloc S_0x55bba056d2e0;
    %pushi/vec4 0, 0, 32;
    %store/vec4 v0x55bba056d5c0_0, 0, 32;
    %pushi/vec4 1, 0, 32;
    %store/vec4 v0x55bba056d4c0_0, 0, 32;
    %pushi/vec4 0, 0, 1;
    %store/vec4 v0x55bba056d6a0_0, 0, 1;
    %fork TD_crossbar_tb.set_weight, S_0x55bba056d2e0;
    %join;
    %free S_0x55bba056d2e0;
    %alloc S_0x55bba056d2e0;
    %pushi/vec4 0, 0, 32;
    %store/vec4 v0x55bba056d5c0_0, 0, 32;
    %pushi/vec4 2, 0, 32;
    %store/vec4 v0x55bba056d4c0_0, 0, 32;
    %pushi/vec4 1, 0, 1;
    %store/vec4 v0x55bba056d6a0_0, 0, 1;
    %fork TD_crossbar_tb.set_weight, S_0x55bba056d2e0;
    %join;
    %free S_0x55bba056d2e0;
    %alloc S_0x55bba056d2e0;
    %pushi/vec4 0, 0, 32;
    %store/vec4 v0x55bba056d5c0_0, 0, 32;
    %pushi/vec4 3, 0, 32;
    %store/vec4 v0x55bba056d4c0_0, 0, 32;
    %pushi/vec4 0, 0, 1;
    %store/vec4 v0x55bba056d6a0_0, 0, 1;
    %fork TD_crossbar_tb.set_weight, S_0x55bba056d2e0;
    %join;
    %free S_0x55bba056d2e0;
    %alloc S_0x55bba056d2e0;
    %pushi/vec4 1, 0, 32;
    %store/vec4 v0x55bba056d5c0_0, 0, 32;
    %pushi/vec4 0, 0, 32;
    %store/vec4 v0x55bba056d4c0_0, 0, 32;
    %pushi/vec4 1, 0, 1;
    %store/vec4 v0x55bba056d6a0_0, 0, 1;
    %fork TD_crossbar_tb.set_weight, S_0x55bba056d2e0;
    %join;
    %free S_0x55bba056d2e0;
    %alloc S_0x55bba056d2e0;
    %pushi/vec4 1, 0, 32;
    %store/vec4 v0x55bba056d5c0_0, 0, 32;
    %pushi/vec4 1, 0, 32;
    %store/vec4 v0x55bba056d4c0_0, 0, 32;
    %pushi/vec4 1, 0, 1;
    %store/vec4 v0x55bba056d6a0_0, 0, 1;
    %fork TD_crossbar_tb.set_weight, S_0x55bba056d2e0;
    %join;
    %free S_0x55bba056d2e0;
    %alloc S_0x55bba056d2e0;
    %pushi/vec4 1, 0, 32;
    %store/vec4 v0x55bba056d5c0_0, 0, 32;
    %pushi/vec4 2, 0, 32;
    %store/vec4 v0x55bba056d4c0_0, 0, 32;
    %pushi/vec4 0, 0, 1;
    %store/vec4 v0x55bba056d6a0_0, 0, 1;
    %fork TD_crossbar_tb.set_weight, S_0x55bba056d2e0;
    %join;
    %free S_0x55bba056d2e0;
    %alloc S_0x55bba056d2e0;
    %pushi/vec4 1, 0, 32;
    %store/vec4 v0x55bba056d5c0_0, 0, 32;
    %pushi/vec4 3, 0, 32;
    %store/vec4 v0x55bba056d4c0_0, 0, 32;
    %pushi/vec4 0, 0, 1;
    %store/vec4 v0x55bba056d6a0_0, 0, 1;
    %fork TD_crossbar_tb.set_weight, S_0x55bba056d2e0;
    %join;
    %free S_0x55bba056d2e0;
    %alloc S_0x55bba056d2e0;
    %pushi/vec4 2, 0, 32;
    %store/vec4 v0x55bba056d5c0_0, 0, 32;
    %pushi/vec4 0, 0, 32;
    %store/vec4 v0x55bba056d4c0_0, 0, 32;
    %pushi/vec4 0, 0, 1;
    %store/vec4 v0x55bba056d6a0_0, 0, 1;
    %fork TD_crossbar_tb.set_weight, S_0x55bba056d2e0;
    %join;
    %free S_0x55bba056d2e0;
    %alloc S_0x55bba056d2e0;
    %pushi/vec4 2, 0, 32;
    %store/vec4 v0x55bba056d5c0_0, 0, 32;
    %pushi/vec4 1, 0, 32;
    %store/vec4 v0x55bba056d4c0_0, 0, 32;
    %pushi/vec4 1, 0, 1;
    %store/vec4 v0x55bba056d6a0_0, 0, 1;
    %fork TD_crossbar_tb.set_weight, S_0x55bba056d2e0;
    %join;
    %free S_0x55bba056d2e0;
    %alloc S_0x55bba056d2e0;
    %pushi/vec4 2, 0, 32;
    %store/vec4 v0x55bba056d5c0_0, 0, 32;
    %pushi/vec4 2, 0, 32;
    %store/vec4 v0x55bba056d4c0_0, 0, 32;
    %pushi/vec4 1, 0, 1;
    %store/vec4 v0x55bba056d6a0_0, 0, 1;
    %fork TD_crossbar_tb.set_weight, S_0x55bba056d2e0;
    %join;
    %free S_0x55bba056d2e0;
    %alloc S_0x55bba056d2e0;
    %pushi/vec4 2, 0, 32;
    %store/vec4 v0x55bba056d5c0_0, 0, 32;
    %pushi/vec4 3, 0, 32;
    %store/vec4 v0x55bba056d4c0_0, 0, 32;
    %pushi/vec4 0, 0, 1;
    %store/vec4 v0x55bba056d6a0_0, 0, 1;
    %fork TD_crossbar_tb.set_weight, S_0x55bba056d2e0;
    %join;
    %free S_0x55bba056d2e0;
    %alloc S_0x55bba056d2e0;
    %pushi/vec4 3, 0, 32;
    %store/vec4 v0x55bba056d5c0_0, 0, 32;
    %pushi/vec4 0, 0, 32;
    %store/vec4 v0x55bba056d4c0_0, 0, 32;
    %pushi/vec4 0, 0, 1;
    %store/vec4 v0x55bba056d6a0_0, 0, 1;
    %fork TD_crossbar_tb.set_weight, S_0x55bba056d2e0;
    %join;
    %free S_0x55bba056d2e0;
    %alloc S_0x55bba056d2e0;
    %pushi/vec4 3, 0, 32;
    %store/vec4 v0x55bba056d5c0_0, 0, 32;
    %pushi/vec4 1, 0, 32;
    %store/vec4 v0x55bba056d4c0_0, 0, 32;
    %pushi/vec4 0, 0, 1;
    %store/vec4 v0x55bba056d6a0_0, 0, 1;
    %fork TD_crossbar_tb.set_weight, S_0x55bba056d2e0;
    %join;
    %free S_0x55bba056d2e0;
    %alloc S_0x55bba056d2e0;
    %pushi/vec4 3, 0, 32;
    %store/vec4 v0x55bba056d5c0_0, 0, 32;
    %pushi/vec4 2, 0, 32;
    %store/vec4 v0x55bba056d4c0_0, 0, 32;
    %pushi/vec4 0, 0, 1;
    %store/vec4 v0x55bba056d6a0_0, 0, 1;
    %fork TD_crossbar_tb.set_weight, S_0x55bba056d2e0;
    %join;
    %free S_0x55bba056d2e0;
    %alloc S_0x55bba056d2e0;
    %pushi/vec4 3, 0, 32;
    %store/vec4 v0x55bba056d5c0_0, 0, 32;
    %pushi/vec4 3, 0, 32;
    %store/vec4 v0x55bba056d4c0_0, 0, 32;
    %pushi/vec4 1, 0, 1;
    %store/vec4 v0x55bba056d6a0_0, 0, 1;
    %fork TD_crossbar_tb.set_weight, S_0x55bba056d2e0;
    %join;
    %free S_0x55bba056d2e0;
    %vpi_call/w 3 128 "$display", "\012=== Applying Input Vector [10, 20, 30, 40] ===" {0 0 0};
    %wait E_0x55bba04e80b0;
    %alloc S_0x55bba056ced0;
    %pushi/vec4 0, 0, 32;
    %store/vec4 v0x55bba056d100_0, 0, 32;
    %pushi/vec4 10, 0, 8;
    %store/vec4 v0x55bba056d200_0, 0, 8;
    %fork TD_crossbar_tb.set_in, S_0x55bba056ced0;
    %join;
    %free S_0x55bba056ced0;
    %alloc S_0x55bba056ced0;
    %pushi/vec4 1, 0, 32;
    %store/vec4 v0x55bba056d100_0, 0, 32;
    %pushi/vec4 20, 0, 8;
    %store/vec4 v0x55bba056d200_0, 0, 8;
    %fork TD_crossbar_tb.set_in, S_0x55bba056ced0;
    %join;
    %free S_0x55bba056ced0;
    %alloc S_0x55bba056ced0;
    %pushi/vec4 2, 0, 32;
    %store/vec4 v0x55bba056d100_0, 0, 32;
    %pushi/vec4 30, 0, 8;
    %store/vec4 v0x55bba056d200_0, 0, 8;
    %fork TD_crossbar_tb.set_in, S_0x55bba056ced0;
    %join;
    %free S_0x55bba056ced0;
    %alloc S_0x55bba056ced0;
    %pushi/vec4 3, 0, 32;
    %store/vec4 v0x55bba056d100_0, 0, 32;
    %pushi/vec4 40, 0, 8;
    %store/vec4 v0x55bba056d200_0, 0, 8;
    %fork TD_crossbar_tb.set_in, S_0x55bba056ced0;
    %join;
    %free S_0x55bba056ced0;
    %wait E_0x55bba0522600;
    %delay 1000, 0;
    %pushi/vec4 65496, 0, 16;
    %ix/load 4, 0, 0;
    %flag_set/imm 4, 0;
    %store/vec4a v0x55bba056dbe0, 4, 0;
    %pushi/vec4 0, 0, 16;
    %ix/load 4, 1, 0;
    %flag_set/imm 4, 0;
    %store/vec4a v0x55bba056dbe0, 4, 0;
    %pushi/vec4 65516, 0, 16;
    %ix/load 4, 2, 0;
    %flag_set/imm 4, 0;
    %store/vec4a v0x55bba056dbe0, 4, 0;
    %pushi/vec4 65516, 0, 16;
    %ix/load 4, 3, 0;
    %flag_set/imm 4, 0;
    %store/vec4a v0x55bba056dbe0, 4, 0;
    %vpi_call/w 3 149 "$display", "\012=== Simulation Results ===" {0 0 0};
    %vpi_call/w 3 150 "$display", "out[j]   Expected   Got    Status" {0 0 0};
    %vpi_call/w 3 151 "$display", "----------------------------------" {0 0 0};
    %fork t_13, S_0x55bba04e7490;
    %jmp t_12;
    .scope S_0x55bba04e7490;
t_13 ;
    %pushi/vec4 0, 0, 32;
    %store/vec4 v0x55bba0516150_0, 0, 32;
T_10.2 ;
    %load/vec4 v0x55bba0516150_0;
    %cmpi/s 4, 0, 32;
    %jmp/0xz T_10.3, 5;
    %alloc S_0x55bba056cb10;
    %load/vec4 v0x55bba0516150_0;
    %store/vec4 v0x55bba056cdf0_0, 0, 32;
    %callf/vec4 TD_crossbar_tb.get_out, S_0x55bba056cb10;
    %free S_0x55bba056cb10;
    %ix/getv/s 4, v0x55bba0516150_0;
    %load/vec4a v0x55bba056dbe0, 4;
    %cmp/e;
    %jmp/0xz  T_10.4, 6;
    %alloc S_0x55bba056cb10;
    %load/vec4 v0x55bba0516150_0;
    %store/vec4 v0x55bba056cdf0_0, 0, 32;
    %callf/vec4 TD_crossbar_tb.get_out, S_0x55bba056cb10;
    %free S_0x55bba056cb10;
    %vpi_call/w 3 155 "$display", "out[%0d]    %4d      %4d   PASS", v0x55bba0516150_0, &A<v0x55bba056dbe0, v0x55bba0516150_0 >, S<0,vec4,s16> {1 0 0};
    ; show_stmt_assign_vector: Get l-value for compressed += operand
    %load/vec4 v0x55bba056df50_0;
    %pushi/vec4 1, 0, 32;
    %add;
    %store/vec4 v0x55bba056df50_0, 0, 32;
    %jmp T_10.5;
T_10.4 ;
    %alloc S_0x55bba056cb10;
    %load/vec4 v0x55bba0516150_0;
    %store/vec4 v0x55bba056cdf0_0, 0, 32;
    %callf/vec4 TD_crossbar_tb.get_out, S_0x55bba056cb10;
    %free S_0x55bba056cb10;
    %vpi_call/w 3 158 "$display", "out[%0d]    %4d      %4d   FAIL <<<", v0x55bba0516150_0, &A<v0x55bba056dbe0, v0x55bba0516150_0 >, S<0,vec4,s16> {1 0 0};
    ; show_stmt_assign_vector: Get l-value for compressed += operand
    %load/vec4 v0x55bba056dc80_0;
    %pushi/vec4 1, 0, 32;
    %add;
    %store/vec4 v0x55bba056dc80_0, 0, 32;
T_10.5 ;
    ; show_stmt_assign_vector: Get l-value for compressed += operand
    %load/vec4 v0x55bba0516150_0;
    %pushi/vec4 1, 0, 32;
    %add;
    %cast2;
    %store/vec4 v0x55bba0516150_0, 0, 32;
    %jmp T_10.2;
T_10.3 ;
    %end;
    .scope S_0x55bba052be80;
t_12 %join;
    %vpi_call/w 3 163 "$display", "----------------------------------" {0 0 0};
    %vpi_call/w 3 164 "$display", "Total: %0d PASS  %0d FAIL", v0x55bba056df50_0, v0x55bba056dc80_0 {0 0 0};
    %load/vec4 v0x55bba056dc80_0;
    %cmpi/e 0, 0, 32;
    %jmp/0xz  T_10.6, 4;
    %vpi_call/w 3 167 "$display", "\012crossbar_tb PASSED: all outputs match hand-computed values." {0 0 0};
    %jmp T_10.7;
T_10.6 ;
    %vpi_call/w 3 169 "$fatal", 32'sb00000000000000000000000000000001, "crossbar_tb FAILED: %0d mismatches.", v0x55bba056dc80_0 {0 0 0};
T_10.7 ;
    %vpi_call/w 3 172 "$finish" {0 0 0};
    %end;
    .thread T_10;
# The file index is used to find the file name in the following table.
:file_names 5;
    "N/A";
    "<interactive>";
    "-";
    "crossbar_tb.sv";
    "crossbar_mac.sv";
